{"message":"Unauthorized request to path: /","level":"error"}
{"message":"Unauthorized request to path: /","level":"error"}
{"message":"Unauthorized request to path: /","level":"error"}
{"message":"Unauthorized request to path: /","level":"error"}
{"message":"Unauthorized request to path: /","level":"error"}
{"message":"Unauthorized request to path: /","level":"error"}
{"message":"Bookmark with id 2 not found","level":"error"}
{"message":"Bookmark with id a631b7e0-7109-434c-b749-906efd9df68f created","level":"info"}
{"message":"Bookmark with id 8e1acfd8-79bd-4077-9755-a1148218a578 created","level":"info"}
{"message":"Bookmark with id c3f0aaec-db5c-4960-9343-da3cc6c5bcf7 created","level":"info"}
{"message":"Bookmark with id f28a7ab5-a54f-49a7-b933-37cee8281b02 created","level":"info"}
{"message":"Bookmarks with id 23 deleted.","level":"info"}
{"message":"Unauthorized request to path: /bookmarks","level":"error"}
{"message":"Unauthorized request to path: /","level":"error"}
{"message":"Unauthorized request to path: /","level":"error"}
{"message":"Unauthorized request to path: /bookmarks","level":"error"}
{"message":"Unauthorized request to path: /bookmarks","level":"error"}
{"message":"Unauthorized request to path: /bookmarks","level":"error"}
{"message":"Unauthorized request to path: /bookmarks","level":"error"}
{"message":"Unauthorized request to path: /bookmarks","level":"error"}
{"message":"Unauthorized request to path: /bookmarks","level":"error"}
{"message":"Unauthorized request to path: /bookmarks","level":"error"}
{"message":"Unauthorized request to path: /bookmarks/65647","level":"error"}
{"message":"Unauthorized request to path: /bookmarks/2","level":"error"}
{"message":"Bookmark with id undefined not found","level":"error"}
{"message":"Bookmark with id undefined not found","level":"error"}
{"message":"Unauthorized request to path: /bookmarks","level":"error"}
{"message":"rating is required.","level":"error"}
{"message":"author is required.","level":"error"}
{"message":"Bookmark with id cfea86e6-804d-4dd8-9405-b27201e50813 created","level":"info"}
{"message":"Bookmark with id b0bc00cc-1f1b-4856-bd34-b2afe4a9557e created","level":"info"}
{"message":"Bookmark with id 1769311d-2e35-4b8f-b093-0536b543efe4 created","level":"info"}
{"message":"Bookmark with id 42c31580-a01d-4d16-8111-6f9c90594d41 created","level":"info"}
{"message":"Bookmark with id 80db9eb8-e938-46b4-9547-b6a370f97162 created","level":"info"}
{"message":"Bookmark with id 0e60b424-6023-4757-90b4-ab2a988f43a5 created","level":"info"}
{"message":"Bookmark with id 6b4773a4-6bb7-4d94-8704-a49f9c4b8a1d created","level":"info"}
{"message":"Bookmark with id 83cb307f-ba64-475c-9162-c8f3535eff74 created","level":"info"}
{"message":"Bookmark with id 8fbf1453-1532-4dda-a388-3cfe35954cf9 created","level":"info"}
{"message":"incorrect number rating entered","level":"error"}
{"message":"Unauthorized request to path: /bookmarks","level":"error"}
{"message":"Unauthorized request to path: /bookmarks","level":"error"}
{"message":"Unauthorized request to path: /bookmarks","level":"error"}
{"message":"Unauthorized request to path: /bookmarks","level":"error"}
{"message":"Unauthorized request to path: /bookmarks","level":"error"}
{"message":"Unauthorized request to path: /bookmarks","level":"error"}
{"message":"Unauthorized request to path: /bookmarks","level":"error"}
{"message":"Unauthorized request to path: /bookmarks","level":"error"}
{"message":"Bookmark with id 2322f75d-8983-4e62-a383-5cd552d62a2d created","level":"info"}
{"message":"Bookmark with id 4dd24ea7-882f-443b-bbc2-b262be295eb6 created","level":"info"}
{"message":"Bookmark with id 9da7e513-311b-4c76-8439-4d56aef79626 created","level":"info"}
{"message":"Bookmark with id b84e9ee1-a1e4-422c-a369-cb94b3a28186 created","level":"info"}
{"message":"Unauthorized request to path: /bookmarks","level":"error"}
{"message":"Unauthorized request to path: /bookmarks","level":"error"}
{"message":"Unauthorized request to path: /bookmarks","level":"error"}
{"message":"Unauthorized request to path: /bookmarks","level":"error"}
{"message":"Bookmark with id 3df0c5a7-9614-4aa5-a562-5249bc1a0b28 created","level":"info"}
{"message":"Bookmark with id 020623f1-6880-4f34-a80d-79d828433ed0 created","level":"info"}
{"message":"Bookmark with id fe30027c-77ed-42e9-8da5-7861d56f9db7 created","level":"info"}
{"message":"Bookmark with id 0776598c-b268-45be-98bd-222c1ffceaa7 created","level":"info"}
{"message":"title is required.","level":"error"}
{"message":"url is required.","level":"error"}
{"message":"description is required.","level":"error"}
{"message":"rating is required.","level":"error"}
{"message":"Bookmark with id 472b7168-8846-4202-9d7c-33ea68b5f794 created","level":"info"}
{"message":"Bookmark with id ce3c931f-a93e-4239-93b4-0916cd848ecd created","level":"info"}
{"message":"Bookmark with id 8f27917f-17d3-419c-a7fc-5196466d2ee7 created","level":"info"}
{"message":"Bookmark with id 75d495c1-61f0-4076-9363-c0c6325710e6 created","level":"info"}
{"message":"title is required.","level":"error"}
{"message":"url is required.","level":"error"}
{"message":"description is required.","level":"error"}
{"message":"rating is required.","level":"error"}
{"message":"Bookmark with id 6e54bf02-c95d-49c4-af50-c1c6e25d4882 created","level":"info"}
{"message":"title is required.","level":"error"}
{"message":"url is required.","level":"error"}
{"message":"description is required.","level":"error"}
{"message":"rating is required.","level":"error"}
{"message":"Bookmark with id 576c26bf-7701-48bc-b3e1-052edcea06ea created","level":"info"}
{"message":"title is required.","level":"error"}
{"message":"url is required.","level":"error"}
{"message":"description is required.","level":"error"}
{"message":"rating is required.","level":"error"}
{"message":"Unauthorized request to path: /bookmarks","level":"error"}
{"message":"Bookmark with id b1f71327-1830-423f-9653-7ed0e441f931 created","level":"info"}
{"message":"title is required.","level":"error"}
{"message":"url is required.","level":"error"}
{"message":"description is required.","level":"error"}
{"message":"rating is required.","level":"error"}
{"message":"Bookmark with id 8a6c0748-365f-41ee-8d1a-7ad12855d29a created","level":"info"}
{"message":"Bookmark with id 3b929e6f-34e0-4aaa-ba8c-813a7e1888dc created","level":"info"}
{"message":"title is required.","level":"error"}
{"message":"url is required.","level":"error"}
{"message":"description is required.","level":"error"}
{"message":"rating is required.","level":"error"}
{"message":"Bookmark with id 21a4cc69-1438-405a-a5c8-2089e792fd63 created","level":"info"}
{"message":"Bookmarks with id 7 deleted.","level":"info"}
{"message":"Bookmark with id ce4708bf-dd99-4b42-88e9-cd50376534f2 created","level":"info"}
{"message":"title is required.","level":"error"}
{"message":"url is required.","level":"error"}
{"message":"description is required.","level":"error"}
{"message":"rating is required.","level":"error"}
{"message":"Bookmark with id af7f9b5a-e934-4dab-af95-11b748d23971 created","level":"info"}
{"message":"Unauthorized request to path: /bookmarks/2","level":"error"}
{"message":"Unauthorized request to path: /bookmarks/12343","level":"error"}
{"message":"Bookmark with id 8f393e23-5b58-49cd-a828-01e793b7b30c created","level":"info"}
{"message":"title is required.","level":"error"}
{"message":"url is required.","level":"error"}
{"message":"description is required.","level":"error"}
{"message":"rating is required.","level":"error"}
{"message":"Bookmark with id 31aa8931-381d-4e56-82ee-4909a0312dfa created","level":"info"}
{"message":"Bookmarks with id 2 deleted.","level":"info"}
{"message":"Unauthorized request to path: /bookmarks","level":"error"}
{"message":"Bookmark with id 9d78cda1-092e-4e21-be96-5c80232b57ae created","level":"info"}
{"message":"title is required.","level":"error"}
{"message":"url is required.","level":"error"}
{"message":"description is required.","level":"error"}
{"message":"rating is required.","level":"error"}
{"message":"Bookmark with id 416a2875-f1ca-490d-b33d-21ff3d1df626 created","level":"info"}
{"message":"Bookmarks with id 2 deleted.","level":"info"}
{"message":"Unauthorized request to path: /bookmarks","level":"error"}
{"message":"Bookmark with id 18b5da0b-03a3-4ffe-b1d4-1b1344f30d7c created","level":"info"}
{"message":"title is required.","level":"error"}
{"message":"url is required.","level":"error"}
{"message":"description is required.","level":"error"}
{"message":"rating is required.","level":"error"}
{"message":"Bookmark with id 3ec0f7d6-166a-4184-a85f-291ae4345b5f created","level":"info"}
{"message":"Bookmarks with id 2 deleted.","level":"info"}
{"message":"Bookmark with id 109376cf-da73-4a7b-8dc9-0de27e09aaf7 created","level":"info"}
{"message":"title is required.","level":"error"}
{"message":"url is required.","level":"error"}
{"message":"description is required.","level":"error"}
{"message":"rating is required.","level":"error"}
{"message":"Bookmark with id 8a191148-8554-496c-a9d8-05ccd8a31270 created","level":"info"}
{"message":"Bookmarks with id 2 deleted.","level":"info"}
{"message":"Bookmark with id 894d5326-1c9e-4fac-af70-13676a2cddd2 created","level":"info"}
{"message":"title is required.","level":"error"}
{"message":"url is required.","level":"error"}
{"message":"description is required.","level":"error"}
{"message":"rating is required.","level":"error"}
{"message":"Bookmark with id 79cd7a2a-7769-493b-bb61-2ac4612899a2 created","level":"info"}
{"message":"Bookmarks with id 2 deleted.","level":"info"}
{"message":"Bookmarks with id 2 deleted.","level":"info"}
{"message":"Bookmarks with id 2 deleted.","level":"info"}
{"message":"Bookmarks with id 2 deleted.","level":"info"}
{"message":"Bookmarks with id 2 deleted.","level":"info"}
{"message":"Bookmarks with id 2 deleted.","level":"info"}
{"message":"Bookmarks with id 2 deleted.","level":"info"}
{"message":"Bookmarks with id 2 deleted.","level":"info"}
{"message":"Bookmarks with id 2 deleted.","level":"info"}
{"message":"Bookmarks with id 2 deleted.","level":"info"}
{"message":"Bookmarks with id 2 deleted.","level":"info"}
{"message":"Bookmarks with id 2 deleted.","level":"info"}
{"message":"Unauthorized request to path: /bookmarks/2","level":"error"}
{"message":"Bookmarks with id 2 deleted.","level":"info"}
{"message":"Bookmark with id 2 deleted.","level":"info"}
{"message":"Bookmark with id 2 deleted.","level":"info"}
{"message":"Bookmark with id 2 deleted.","level":"info"}
{"message":"Bookmark with id 2 deleted.","level":"info"}
{"message":"Bookmark with id 2 deleted.","level":"info"}
{"message":"Bookmark with id 2 deleted.","level":"info"}
{"message":"Bookmark with id 2 deleted.","level":"info"}
{"message":"Bookmark with id 2 deleted.","level":"info"}
{"message":"Unauthorized request to path: /api/api/bookmarks/2","level":"error"}
{"message":"Unauthorized request to path: /api/api/bookmarks/2","level":"error"}
{"message":"Unauthorized request to path: /api/api/bookmarks/2","level":"error"}
{"message":"Unauthorized request to path: /api/api/bookmarks/12343","level":"error"}
{"message":"Unauthorized request to path: /api/bookmarks/2","level":"error"}
{"message":"Unauthorized request to path: /api/bookmarks/2","level":"error"}
{"message":"Unauthorized request to path: /","level":"error"}
{"message":"Unauthorized request to path: /","level":"error"}
{"message":"Unauthorized request to path: /","level":"error"}
{"message":"Unauthorized request to path: /","level":"error"}
{"message":"Unauthorized request to path: /","level":"error"}
{"message":"Unauthorized request to path: /","level":"error"}
{"message":"Unauthorized request to path: /","level":"error"}
{"message":"Unauthorized request to path: /","level":"error"}
{"message":"Unauthorized request to path: /","level":"error"}
{"message":"Unauthorized request to path: /","level":"error"}
{"message":"Unauthorized request to path: /","level":"error"}
{"message":"Unauthorized request to path: /","level":"error"}
{"message":"Unauthorized request to path: /","level":"error"}
{"message":"Unauthorized request to path: /","level":"error"}
{"message":"Unauthorized request to path: /","level":"error"}
{"message":"Unauthorized request to path: /","level":"error"}
{"message":"Unauthorized request to path: /","level":"error"}
{"message":"Unauthorized request to path: //0","level":"error"}
{"message":"Unauthorized request to path: /","level":"error"}
{"message":"Unauthorized request to path: //0","level":"error"}
{"message":"Unauthorized request to path: /","level":"error"}
{"message":"Unauthorized request to path: /","level":"error"}
{"message":"Unauthorized request to path: //0","level":"error"}
{"message":"Unauthorized request to path: //1","level":"error"}
{"message":"Unauthorized request to path: /","level":"error"}
{"message":"Unauthorized request to path: /","level":"error"}
{"message":"Unauthorized request to path: /","level":"error"}
{"message":"Unauthorized request to path: /","level":"error"}
{"message":"Unauthorized request to path: /","level":"error"}
{"message":"Unauthorized request to path: /","level":"error"}
{"message":"Unauthorized request to path: /","level":"error"}
{"message":"Unauthorized request to path: /","level":"error"}
{"message":"Unauthorized request to path: /","level":"error"}
{"message":"Unauthorized request to path: /","level":"error"}
{"message":"Unauthorized request to path: /","level":"error"}
{"message":"Unauthorized request to path: /","level":"error"}
{"message":"Unauthorized request to path: /","level":"error"}
{"message":"Unauthorized request to path: /","level":"error"}
{"message":"Unauthorized request to path: /","level":"error"}
{"message":"Unauthorized request to path: /","level":"error"}
{"message":"Unauthorized request to path: /","level":"error"}
{"message":"Unauthorized request to path: /","level":"error"}
{"message":"Unauthorized request to path: /","level":"error"}
{"message":"Unauthorized request to path: /","level":"error"}
{"message":"Unauthorized request to path: /","level":"error"}
{"message":"Unauthorized request to path: /","level":"error"}
{"message":"Unauthorized request to path: /api/bookmarks","level":"error"}
{"message":"Unauthorized request to path: /api/bookmarks","level":"error"}
{"message":"Unauthorized request to path: /api/bookmarks","level":"error"}
{"message":"Unauthorized request to path: /api/bookmarks","level":"error"}
{"message":"Unauthorized request to path: /api/bookmarks","level":"error"}
{"message":"Unauthorized request to path: /api/bookmarks","level":"error"}
{"message":"Unauthorized request to path: /api/bookmarks","level":"error"}
{"message":"Unauthorized request to path: /api/bookmarks","level":"error"}
{"message":"Unauthorized request to path: /api/bookmarks","level":"error"}
{"message":"Unauthorized request to path: /api/bookmarks","level":"error"}
{"message":"Unauthorized request to path: /api/bookmarks","level":"error"}
{"message":"Unauthorized request to path: /api/bookmarks","level":"error"}
{"message":"Unauthorized request to path: /api/bookmarks","level":"error"}
{"message":"Unauthorized request to path: /api/bookmarks","level":"error"}
{"message":"Unauthorized request to path: /api/bookmarks","level":"error"}
{"message":"Unauthorized request to path: /api/bookmarks","level":"error"}
{"message":"Unauthorized request to path: /api/bookmarks","level":"error"}
{"message":"Unauthorized request to path: /favicon.ico","level":"error"}
{"message":"Unauthorized request to path: /api/bookmarks","level":"error"}
{"message":"Unauthorized request to path: /favicon.ico","level":"error"}
{"message":"Unauthorized request to path: /api/bookmarks","level":"error"}
{"message":"Unauthorized request to path: /favicon.ico","level":"error"}
{"message":"Unauthorized request to path: /api/bookmarks","level":"error"}
{"message":"Unauthorized request to path: /api/bookmarks","level":"error"}
{"message":"Unauthorized request to path: /api/bookmarks","level":"error"}
{"message":"Unauthorized request to path: /api/bookmarks","level":"error"}
{"message":"Unauthorized request to path: /favicon.ico","level":"error"}
{"message":"Unauthorized request to path: /api/bookmarks","level":"error"}
{"message":"Unauthorized request to path: /","level":"error"}
{"message":"Unauthorized request to path: /favicon.ico","level":"error"}
{"message":"Unauthorized request to path: /","level":"error"}
{"message":"Unauthorized request to path: /favicon.ico","level":"error"}
{"message":"Unauthorized request to path: /api/bookmarks","level":"error"}
{"message":"Unauthorized request to path: /api/bookmarks","level":"error"}
{"message":"Unauthorized request to path: /api/bookmarks","level":"error"}
{"message":"Unauthorized request to path: /api/bookmarks","level":"error"}
{"message":"Unauthorized request to path: /api/bookmarks","level":"error"}
{"message":"Unauthorized request to path: /api/bookmarks","level":"error"}
{"message":"Unauthorized request to path: /api/bookmarks","level":"error"}
{"message":"Unauthorized request to path: /api/bookmarks","level":"error"}
{"message":"Unauthorized request to path: /api/bookmarks","level":"error"}
{"message":"Unauthorized request to path: /api/bookmarks","level":"error"}
{"message":"Unauthorized request to path: /api/bookmarks","level":"error"}
{"message":"Unauthorized request to path: /api/bookmarks/1","level":"error"}
{"message":"Unauthorized request to path: /api/bookmarks","level":"error"}
{"message":"Unauthorized request to path: /api/bookmarks","level":"error"}
{"message":"Bookmark with id ef459261-b076-471a-821c-54acbe09d192 created","level":"info"}
{"message":"Bookmark with id 6 deleted.","level":"info"}
{"message":"Bookmark with id 1 deleted.","level":"info"}
{"message":"Bookmark with id aca4e5d9-f3ce-47bc-81eb-9bd74ee1e15c created","level":"info"}
{"message":"Bookmark with id 7 deleted.","level":"info"}
{"message":"Bookmark with id 0ea11a10-6351-4d87-b692-0fdb2f0287fb created","level":"info"}
{"message":"Bookmark with id 8 deleted.","level":"info"}
{"message":"Bookmark with id 761904bd-99e7-46f8-9c83-9d0c8ca17d5e created","level":"info"}
{"message":"Bookmark with id 9 deleted.","level":"info"}
{"message":"Bookmark with id e059b32f-912c-492f-a075-0b0cb8794154 created","level":"info"}
{"message":"Bookmark with id 10 deleted.","level":"info"}
{"message":"Bookmark with id 9479c7fe-90ba-4ab2-8c7e-fdbedf3c05a8 created","level":"info"}
{"message":"Bookmark with id 11 deleted.","level":"info"}
{"message":"Bookmark with id a75091ae-3598-4893-bb1a-a24f6aa5785a created","level":"info"}
{"message":"Bookmark with id 12 deleted.","level":"info"}
{"message":"Bookmark with id f085d77d-0c57-4b78-bdea-3d88f1233371 created","level":"info"}
{"message":"Bookmark with id 13 deleted.","level":"info"}
{"message":"Bookmark with id 6bde901e-d171-4e31-b444-13beecf442c4 created","level":"info"}
{"message":"Bookmark with id 14 deleted.","level":"info"}
{"message":"Bookmark with id d91fa0ad-9a03-40a8-a292-fd1c6bf49d24 created","level":"info"}
{"message":"Bookmark with id 15 deleted.","level":"info"}
{"message":"Bookmark with id 84f3195e-e1b1-4078-9bfe-d9bbb0623586 created","level":"info"}
{"message":"Bookmark with id 16 deleted.","level":"info"}
{"message":"Bookmark with id 5 deleted.","level":"info"}
{"message":"Bookmark with id 141e72ae-8d78-4533-8c50-649e300e6d70 created","level":"info"}
{"message":"Bookmark with id 17 deleted.","level":"info"}
{"message":"Bookmark with id 70ae8f1f-1db9-470d-9815-cc0dcf52cc83 created","level":"info"}
{"message":"Bookmark with id 18 deleted.","level":"info"}
{"message":"Bookmark with id 4 deleted.","level":"info"}
{"message":"Bookmark with id b08eb935-f357-4f46-ae8c-7b6210990798 created","level":"info"}
{"message":"Bookmark with id 19 deleted.","level":"info"}
{"message":"Bookmark with id 830772fc-be19-4338-8aee-652ae45d4952 created","level":"info"}
{"message":"Bookmark with id 20 deleted.","level":"info"}
{"message":"Bookmark with id 2ef40d83-031f-4efa-95f3-33e501b999c0 created","level":"info"}
{"message":"Bookmark with id 21 deleted.","level":"info"}
{"message":"Bookmark with id 8f6a3a2e-31a4-47e9-a676-573ada488260 created","level":"info"}
{"message":"Bookmark with id 22 deleted.","level":"info"}
